<?xml version="1.0" encoding="UTF-8"?>
<testng-results skipped="0" failed="0" ignored="0" total="1" passed="1">
  <reporter-output>
  </reporter-output>
  <suite name="Default suite" duration-ms="64701" started-at="2019-02-12T08:07:41Z" finished-at="2019-02-12T08:08:46Z">
    <groups>
    </groups>
    <test name="Default test" duration-ms="64701" started-at="2019-02-12T08:07:41Z" finished-at="2019-02-12T08:08:46Z">
      <class name="ELearningFunctionalTests.ELearningAuthorCourseTakeTestAndReviewTest">
        <test-method status="PASS" signature="setUpBeforeClass()[pri:0, instance:ELearningFunctionalTests.ELearningAuthorCourseTakeTestAndReviewTest@47c62251]" name="setUpBeforeClass" is-config="true" duration-ms="29" started-at="2019-02-12T08:07:41Z" finished-at="2019-02-12T08:07:41Z">
          <reporter-output>
          </reporter-output>
        </test-method> <!-- setUpBeforeClass -->
        <test-method status="PASS" signature="setUp()[pri:0, instance:ELearningFunctionalTests.ELearningAuthorCourseTakeTestAndReviewTest@47c62251]" name="setUp" is-config="true" duration-ms="11017" started-at="2019-02-12T08:07:41Z" finished-at="2019-02-12T08:07:52Z">
          <reporter-output>
          </reporter-output>
        </test-method> <!-- setUp -->
        <test-method status="PASS" signature="validELearningAuthorCourseTakeTestAndReviewTest()[pri:0, instance:ELearningFunctionalTests.ELearningAuthorCourseTakeTestAndReviewTest@47c62251]" name="validELearningAuthorCourseTakeTestAndReviewTest" duration-ms="51791" started-at="2019-02-12T08:07:52Z" finished-at="2019-02-12T08:08:44Z">
          <reporter-output>
          </reporter-output>
        </test-method> <!-- validELearningAuthorCourseTakeTestAndReviewTest -->
        <test-method status="PASS" signature="tearDown()[pri:0, instance:ELearningFunctionalTests.ELearningAuthorCourseTakeTestAndReviewTest@47c62251]" name="tearDown" is-config="true" duration-ms="1829" started-at="2019-02-12T08:08:44Z" finished-at="2019-02-12T08:08:46Z">
          <reporter-output>
          </reporter-output>
        </test-method> <!-- tearDown -->
      </class> <!-- ELearningFunctionalTests.ELearningAuthorCourseTakeTestAndReviewTest -->
    </test> <!-- Default test -->
  </suite> <!-- Default suite -->
</testng-results>
