<?xml version="1.0" encoding="UTF-8"?>
<testng-results skipped="0" failed="0" ignored="0" total="1" passed="1">
  <reporter-output>
  </reporter-output>
  <suite name="Default suite" duration-ms="51613" started-at="2019-02-04T07:34:38Z" finished-at="2019-02-04T07:35:29Z">
    <groups>
    </groups>
    <test name="Default test" duration-ms="51613" started-at="2019-02-04T07:34:38Z" finished-at="2019-02-04T07:35:29Z">
      <class name="ELearningFunctionalTests.ELTC_058">
        <test-method status="PASS" signature="setUpBeforeClass()[pri:0, instance:ELearningFunctionalTests.ELTC_058@47c62251]" name="setUpBeforeClass" is-config="true" duration-ms="15" started-at="2019-02-04T07:34:38Z" finished-at="2019-02-04T07:34:38Z">
          <reporter-output>
          </reporter-output>
        </test-method> <!-- setUpBeforeClass -->
        <test-method status="PASS" signature="setUp()[pri:0, instance:ELearningFunctionalTests.ELTC_058@47c62251]" name="setUp" is-config="true" duration-ms="10651" started-at="2019-02-04T07:34:38Z" finished-at="2019-02-04T07:34:49Z">
          <reporter-output>
          </reporter-output>
        </test-method> <!-- setUp -->
        <test-method status="PASS" signature="validLoginTest()[pri:0, instance:ELearningFunctionalTests.ELTC_058@47c62251]" name="validLoginTest" duration-ms="39092" started-at="2019-02-04T07:34:49Z" finished-at="2019-02-04T07:35:28Z">
          <reporter-output>
          </reporter-output>
        </test-method> <!-- validLoginTest -->
        <test-method status="PASS" signature="tearDown()[pri:0, instance:ELearningFunctionalTests.ELTC_058@47c62251]" name="tearDown" is-config="true" duration-ms="1805" started-at="2019-02-04T07:35:28Z" finished-at="2019-02-04T07:35:29Z">
          <reporter-output>
          </reporter-output>
        </test-method> <!-- tearDown -->
      </class> <!-- ELearningFunctionalTests.ELTC_058 -->
    </test> <!-- Default test -->
  </suite> <!-- Default suite -->
</testng-results>
